<?xml version="1.0" encoding="UTF-8"?>
<Site BuildName="Darwin-clang++"
	BuildStamp="20180720-0840-Experimental"
	Name="yamamotomasaomis-MacBook-Pro.local"
	Generator="ctest-3.12.0"
	CompilerName="/usr/bin/clang++"
	CompilerVersion="9.1.0.9020039"
	OSName="Mac OS X"
	Hostname="yamamotomasaomis-MacBook-Pro.local"
	OSRelease="10.13.6"
	OSVersion="17G65"
	OSPlatform="x86_64"
	Is64Bits="1"
	VendorString="GenuineIntel"
	VendorID="Intel Corporation"
	FamilyID="6"
	ModelID="70"
	ProcessorCacheSize="32768"
	NumberOfLogicalCPU="8"
	NumberOfPhysicalCPU="4"
	TotalVirtualMemory="3072"
	TotalPhysicalMemory="16384"
	LogicalProcessorsPerPhysical="8"
	ProcessorClockFrequency="2500"
	>
	<Testing>
		<StartDateTime>Jul 20 18:52 JST</StartDateTime>
		<StartTestTime>1532080365</StartTestTime>
		<TestList/>
		<EndDateTime>Jul 20 18:52 JST</EndDateTime>
		<EndTestTime>1532080365</EndTestTime>
		<ElapsedMinutes>0</ElapsedMinutes>
	</Testing>
</Site>
